\BOOKMARK [1][-]{section.1}{Analysis}{}% 1
\BOOKMARK [2][-]{subsection.1.1}{Identification and Background to the Problem}{section.1}% 2
\BOOKMARK [2][-]{subsection.1.2}{Analysis of problem}{section.1}% 3
\BOOKMARK [2][-]{subsection.1.3}{Numbered List of Objectives \(also called Success Criteria, the end user requirements\)}{section.1}% 4
\BOOKMARK [2][-]{subsection.1.4}{Description of current system or existing solutions}{section.1}% 5
\BOOKMARK [2][-]{subsection.1.5}{Prospective Users}{section.1}% 6
\BOOKMARK [2][-]{subsection.1.6}{Data Dictionary}{section.1}% 7
\BOOKMARK [2][-]{subsection.1.7}{Data Flow Diagram}{section.1}% 8
\BOOKMARK [2][-]{subsection.1.8}{Data Sources}{section.1}% 9
\BOOKMARK [2][-]{subsection.1.9}{Description of Solution Details, OOP/Mobile/Networking}{section.1}% 10
\BOOKMARK [2][-]{subsection.1.10}{Acceptable Limitations \(Supplementary\)}{section.1}% 11
\BOOKMARK [2][-]{subsection.1.11}{Data Volumes \(Supplementary\)}{section.1}% 12
\BOOKMARK [2][-]{subsection.1.12}{Test Strategy}{section.1}% 13
\BOOKMARK [1][-]{section.2}{Design}{}% 14
\BOOKMARK [2][-]{subsection.2.1}{Overall System Design \(High Level Overview\)}{section.2}% 15
\BOOKMARK [2][-]{subsection.2.2}{Design of User Interfaces HCI}{section.2}% 16
\BOOKMARK [2][-]{subsection.2.3}{System Algorithms \(Flowcharts\)}{section.2}% 17
\BOOKMARK [2][-]{subsection.2.4}{Input data Validation}{section.2}% 18
\BOOKMARK [2][-]{subsection.2.5}{Proposed Algorithms for complex structures \(flow charts or Pseudo Code\)}{section.2}% 19
\BOOKMARK [2][-]{subsection.2.6}{Design Data Dictionary}{section.2}% 20
\BOOKMARK [1][-]{section.3}{Technical Solution}{}% 21
\BOOKMARK [2][-]{subsection.3.1}{Program Listing}{section.3}% 22
\BOOKMARK [2][-]{subsection.3.2}{Comments \(Core\)}{section.3}% 23
\BOOKMARK [2][-]{subsection.3.3}{Overview to direct the examiner to areas of complexity and explain design evidence}{section.3}% 24
\BOOKMARK [1][-]{section.4}{Testing}{}% 25
\BOOKMARK [2][-]{subsection.4.1}{Test Plan}{section.4}% 26
\BOOKMARK [2][-]{subsection.4.2}{Test Table / Testing Evidence \(Core: lots of screenshots\)}{section.4}% 27
\BOOKMARK [1][-]{section.5}{Evaluation}{}% 28
\BOOKMARK [2][-]{subsection.5.1}{Reflection on final outcome}{section.5}% 29
\BOOKMARK [2][-]{subsection.5.2}{Evaluation against objectives, end user feedback}{section.5}% 30
\BOOKMARK [2][-]{subsection.5.3}{Potential improvements}{section.5}% 31
\BOOKMARK [1][-]{section.6}{Appendices}{}% 32
