\BOOKMARK [1][-]{section.1}{Analysis}{}% 1
\BOOKMARK [2][-]{subsection.1.1}{Identification and Background to the Problem}{section.1}% 2
\BOOKMARK [2][-]{subsection.1.2}{Analysis of problem}{section.1}% 3
\BOOKMARK [2][-]{subsection.1.3}{Success Criteria}{section.1}% 4
\BOOKMARK [2][-]{subsection.1.4}{Description of current system or existing solutions}{section.1}% 5
\BOOKMARK [2][-]{subsection.1.5}{Prospective Users}{section.1}% 6
\BOOKMARK [2][-]{subsection.1.6}{Data Dictionary}{section.1}% 7
\BOOKMARK [2][-]{subsection.1.7}{Data Flow Diagram}{section.1}% 8
\BOOKMARK [2][-]{subsection.1.8}{Description of Solution Details}{section.1}% 9
\BOOKMARK [2][-]{subsection.1.9}{Acceptable Limitations}{section.1}% 10
\BOOKMARK [2][-]{subsection.1.10}{Test Strategy}{section.1}% 11
\BOOKMARK [1][-]{section.2}{Design}{}% 12
\BOOKMARK [2][-]{subsection.2.1}{Overall System Design \(High Level Overview\)}{section.2}% 13
\BOOKMARK [2][-]{subsection.2.2}{Design of User Interfaces HCI}{section.2}% 14
\BOOKMARK [2][-]{subsection.2.3}{System Algorithms \(Flowcharts\)}{section.2}% 15
\BOOKMARK [2][-]{subsection.2.4}{Input data Validation}{section.2}% 16
\BOOKMARK [2][-]{subsection.2.5}{Proposed Algorithms for complex structures \(flow charts or Pseudo Code\)}{section.2}% 17
\BOOKMARK [1][-]{section.3}{Technical Solution}{}% 18
\BOOKMARK [2][-]{subsection.3.1}{Overview to direct the examiner to areas of complexity and explain design evidence}{section.3}% 19
\BOOKMARK [1][-]{section.4}{Testing}{}% 20
\BOOKMARK [2][-]{subsection.4.1}{Test Plan}{section.4}% 21
\BOOKMARK [2][-]{subsection.4.2}{Test Table / Testing Evidence \(Core: lots of screenshots\)}{section.4}% 22
\BOOKMARK [1][-]{section.5}{Evaluation}{}% 23
\BOOKMARK [2][-]{subsection.5.1}{Reflection on final outcome}{section.5}% 24
\BOOKMARK [2][-]{subsection.5.2}{Evaluation against objectives, end user feedback}{section.5}% 25
\BOOKMARK [2][-]{subsection.5.3}{Potential improvements}{section.5}% 26
\BOOKMARK [1][-]{section.6}{Appendices}{}% 27
\BOOKMARK [2][-]{subsection.6.1}{icmp\137ping}{section.6}% 28
\BOOKMARK [2][-]{subsection.6.2}{ping\137scanner}{section.6}% 29
\BOOKMARK [2][-]{subsection.6.3}{subnet\137to\137addresses}{section.6}% 30
\BOOKMARK [2][-]{subsection.6.4}{tcp\137scan}{section.6}% 31
\BOOKMARK [2][-]{subsection.6.5}{udp\137scan}{section.6}% 32
\BOOKMARK [2][-]{subsection.6.6}{version\137detection}{section.6}% 33
\BOOKMARK [2][-]{subsection.6.7}{modules}{section.6}% 34
\BOOKMARK [2][-]{subsection.6.8}{examples}{section.6}% 35
\BOOKMARK [2][-]{subsection.6.9}{netscan}{section.6}% 36
\BOOKMARK [2][-]{subsection.6.10}{tests}{section.6}% 37
